Exception at PC 0x000007FE5E8DBB93
Printing stacktrace...

Exception at PC 0x000007FEFCE7A06D
Unable to capture context for thread 11308 in process 14156, can not generate back trace
Exception at PC 0x000007FEFCE7A06D
Unable to capture context for thread 10488 in process 14156, can not generate back trace
Exception at PC 0x000007FEFCE7A06D
Exception at PC 0x000007FEFCE7A06D
Exception at PC 0x000007FEFCE7A06D
Exception at PC 0x000007FEFCE7A06D
Exception at PC 0x000007FEFCE7A06D
Exception at PC 0x000007FEFCE7A06D
Exception at PC 0x000007FEFCE7A06D
Exception at PC 0x000007FEFCE7A06D
Exception at PC 0x000007FEFCE7A06D
Exception at PC 0x000007FEFCE7A06D
Exception at PC 0x000007FEFCE7A06D
Exception at PC 0x000007FEFCE7A06D
[0]  [0x000007FE5E8DBB93]
[1]  [0x000007FE5E8DBB93]
[2]  [0x000007FE5E8DB4A1]
[3]  [0x000007FE5E8DB3EF]
[4]  [0x000007FE5E8C19FE]
[5]  [0x000007FE5E8C0ED1]
[6]  [0x000007FE5E8C0D76]
[7]  [0x000007FE5E8679F6]
[8]  [0x000007FE5E857AFB]
[9]  [0x000007FE5E97E90A]
[10]  [0x000007FE5E999F87]
[11]  [0x000007FE5E99A05F]
[12] (BaseThreadInitThunk+0xd) [0x0000000076EE59CD]
[13] (RtlUserThreadStart+0x21) [0x000000007711A561]
Done
Exception at PC 0x000007FEFCE7A06D
Exception at PC 0x000007FEFCE7A06D
Exception at PC 0x000007FEFCE7A06D
