# do {tb_complex_mult_compile.do}
# ** Warning: (vlib-34) Library already exists at "modelsim_lib/work".
# Errors: 0, Warnings: 1
# ** Warning: (vlib-34) Library already exists at "modelsim_lib/msim".
# Errors: 0, Warnings: 1
# ** Warning: (vlib-34) Library already exists at "modelsim_lib/msim/xil_defaultlib".
# Errors: 0, Warnings: 1
# Model Technology ModelSim SE-64 vmap 2020.4 Lib Mapping Utility 2020.10 Oct 13 2020
# vmap xil_defaultlib modelsim_lib/msim/xil_defaultlib 
# Modifying modelsim.ini
# Model Technology ModelSim SE-64 vlog 2020.4 Compiler 2020.10 Oct 13 2020
# Start time: 09:26:24 on Jun 10,2023
# vlog -incr -mfcu -work xil_defaultlib ../../../../../25.04.23/rtl/complex_mult.v 
# -- Skipping module complex_mult
# 
# Top level modules:
# 	complex_mult
# End time: 09:26:24 on Jun 10,2023, Elapsed time: 0:00:00
# Errors: 0, Warnings: 0
# Model Technology ModelSim SE-64 vlog 2020.4 Compiler 2020.10 Oct 13 2020
# Start time: 09:26:24 on Jun 10,2023
# vlog -incr -mfcu -sv -work xil_defaultlib ../../../../../25.04.23/rtl/tb_complex_mult.sv 
# -- Compiling module tb_complex_mult
# 
# Top level modules:
# 	tb_complex_mult
# End time: 09:26:24 on Jun 10,2023, Elapsed time: 0:00:00
# Errors: 0, Warnings: 0
# Model Technology ModelSim SE-64 vlog 2020.4 Compiler 2020.10 Oct 13 2020
# Start time: 09:26:24 on Jun 10,2023
# vlog -work xil_defaultlib glbl.v 
# -- Compiling module glbl
# 
# Top level modules:
# 	glbl
# End time: 09:26:24 on Jun 10,2023, Elapsed time: 0:00:00
# Errors: 0, Warnings: 0
