# //  ModelSim SE-64 2020.4 Oct 13 2020
# //
# //  Copyright 1991-2020 Mentor Graphics Corporation
# //  All Rights Reserved.
# //
# //  ModelSim SE-64 and its associated documentation contain trade
# //  secrets and commercial or financial information that are the property of
# //  Mentor Graphics Corporation and are privileged, confidential,
# //  and exempt from disclosure under the Freedom of Information Act,
# //  5 U.S.C. Section 552. Furthermore, this information
# //  is prohibited from disclosure under the Trade Secrets Act,
# //  18 U.S.C. Section 1905.
# //
# do {tb_complex_mult_simulate.do}
# vsim -voptargs=""+acc"" -L xil_defaultlib -L unisims_ver -L unimacro_ver -L secureip -lib xil_defaultlib xil_defaultlib.tb_complex_mult xil_defaultlib.glbl 
# Start time: 09:26:35 on Jun 10,2023
# ** Note: (vsim-3813) Design is being optimized due to module recompilation...
# Loading sv_std.std
# Loading work.tb_complex_mult(fast)
# Loading work.complex_mult(fast)
# Loading work.glbl(fast)
# ** Warning: (vsim-PLI-3691) Expected a system task, not a system function '$fscanf'.
#    Time: 0 ps  Iteration: 0  Instance: /tb_complex_mult File: ../../../../../25.04.23/rtl/tb_complex_mult.sv Line: 82
# ** Warning: (vsim-PLI-3691) Expected a system task, not a system function '$fscanf'.
#    Time: 0 ps  Iteration: 0  Instance: /tb_complex_mult File: ../../../../../25.04.23/rtl/tb_complex_mult.sv Line: 84
# ** Warning: (vsim-PLI-3691) Expected a system task, not a system function '$fscanf'.
#    Time: 0 ps  Iteration: 0  Instance: /tb_complex_mult File: ../../../../../25.04.23/rtl/tb_complex_mult.sv Line: 86
# ** Warning: (vsim-PLI-3691) Expected a system task, not a system function '$fscanf'.
#    Time: 0 ps  Iteration: 0  Instance: /tb_complex_mult File: ../../../../../25.04.23/rtl/tb_complex_mult.sv Line: 88
# 1
# 1
# .main_pane.wave.interior.cs.body.pw.wf
# .main_pane.structure.interior.cs.body.struct
# .main_pane.objects.interior.cs.body.tree
# Causality operation skipped due to absence of debug database file
add wave -position end sim:/tb_complex_mult/uut/*
restart
# ** Note: (vsim-12125) Error and warning message counts have been reset to '0' because of 'restart'.
# ** Note: (vsim-8009) Loading existing optimized design _opt
# Loading work.tb_complex_mult(fast)
# Loading work.complex_mult(fast)
# Loading work.glbl(fast)
# ** Warning: (vsim-PLI-3691) Expected a system task, not a system function '$fscanf'.
#    Time: 0 ps  Iteration: 0  Instance: /tb_complex_mult File: ../../../../../25.04.23/rtl/tb_complex_mult.sv Line: 82
# ** Warning: (vsim-PLI-3691) Expected a system task, not a system function '$fscanf'.
#    Time: 0 ps  Iteration: 0  Instance: /tb_complex_mult File: ../../../../../25.04.23/rtl/tb_complex_mult.sv Line: 84
# ** Warning: (vsim-PLI-3691) Expected a system task, not a system function '$fscanf'.
#    Time: 0 ps  Iteration: 0  Instance: /tb_complex_mult File: ../../../../../25.04.23/rtl/tb_complex_mult.sv Line: 86
# ** Warning: (vsim-PLI-3691) Expected a system task, not a system function '$fscanf'.
#    Time: 0 ps  Iteration: 0  Instance: /tb_complex_mult File: ../../../../../25.04.23/rtl/tb_complex_mult.sv Line: 88
run -all
# Done
# ** Note: $stop    : ../../../../../25.04.23/rtl/tb_complex_mult.sv(104)
#    Time: 100100 ns  Iteration: 0  Instance: /tb_complex_mult
# Break in Module tb_complex_mult at ../../../../../25.04.23/rtl/tb_complex_mult.sv line 104
